<?xml version="1.0" encoding="UTF-8"?>
<!-- Generated by org.testng.reporters.JUnitReportReporter -->
<testsuite skipped="0" hostname="MilanHP-PC" name="tests.TestCheckout" tests="1" failures="0" timestamp="03 Aug 2018 08:05:41 GMT" time="34.336" errors="0">
  <testcase name="checkUpdateAndRemoveBtn" time="34.336" classname="tests.TestCheckout"/>
</testsuite> <!-- tests.TestCheckout -->
