<?xml version="1.0" encoding="UTF-8"?>
<!-- Generated by org.testng.reporters.JUnitReportReporter -->
<testsuite skipped="0" hostname="MilanHP-PC" name="tests.TestDashboard" tests="1" failures="0" timestamp="03 Aug 2018 08:05:41 GMT" time="13.987" errors="0">
  <testcase name="checkProfileText" time="13.987" classname="tests.TestDashboard"/>
</testsuite> <!-- tests.TestDashboard -->
