<?xml version="1.0" encoding="UTF-8"?>
<!-- Generated by org.testng.reporters.JUnitReportReporter -->
<testsuite skipped="0" hostname="MilanHP-PC" name="tests.TestLogout" tests="1" failures="0" timestamp="06 Aug 2018 13:01:26 GMT" time="10.872" errors="0">
  <testcase name="checkWasLogoutSuccessful" time="10.872" classname="tests.TestLogout"/>
</testsuite> <!-- tests.TestLogout -->
