<?xml version="1.0" encoding="UTF-8"?>
<!-- Generated by org.testng.reporters.JUnitReportReporter -->
<testsuite skipped="0" hostname="MilanHP-PC" name="tests.TestHomePage" tests="3" failures="0" timestamp="03 Aug 2018 08:05:41 GMT" time="26.367" errors="0">
  <testcase name="checkPointRight" time="8.637" classname="tests.TestHomePage"/>
  <testcase name="checkPointMiddle" time="16.311" classname="tests.TestHomePage"/>
  <testcase name="checkPointLeft" time="1.419" classname="tests.TestHomePage"/>
</testsuite> <!-- tests.TestHomePage -->
