<?xml version="1.0" encoding="UTF-8"?>
<!-- Generated by org.testng.reporters.JUnitReportReporter -->
<testsuite skipped="0" hostname="MilanHP-PC" name="tests.TestProductCategory" tests="3" failures="0" timestamp="06 Aug 2018 13:01:26 GMT" time="33.831" errors="0">
  <testcase name="checkText" time="16.716" classname="tests.TestProductCategory"/>
  <testcase name="checkText2" time="13.103" classname="tests.TestProductCategory"/>
  <testcase name="checkFullShopping" time="4.012" classname="tests.TestProductCategory"/>
</testsuite> <!-- tests.TestProductCategory -->
