<?xml version="1.0" encoding="UTF-8"?>
<!-- Generated by org.testng.reporters.JUnitReportReporter -->
<testsuite skipped="0" hostname="MilanHP-PC" name="tests.TestProfile" tests="1" failures="0" timestamp="03 Aug 2018 08:05:41 GMT" time="6.119" errors="0">
  <testcase name="checkUpdate" time="6.119" classname="tests.TestProfile"/>
</testsuite> <!-- tests.TestProfile -->
