<?xml version="1.0" encoding="UTF-8"?>
<!-- Generated by org.testng.reporters.JUnitReportReporter -->
<testsuite skipped="0" hostname="MilanHP-PC" name="tests.TestDashboard" tests="1" failures="0" timestamp="06 Aug 2018 13:01:26 GMT" time="9.533" errors="0">
  <testcase name="checkProfileText" time="9.533" classname="tests.TestDashboard"/>
</testsuite> <!-- tests.TestDashboard -->
