<?xml version="1.0" encoding="UTF-8"?>
<!-- Generated by org.testng.reporters.JUnitReportReporter -->
<testsuite skipped="0" hostname="MilanHP-PC" name="tests.TestHomePage" tests="3" failures="0" timestamp="06 Aug 2018 13:01:26 GMT" time="9.553" errors="0">
  <testcase name="checkPointRight" time="7.750" classname="tests.TestHomePage"/>
  <testcase name="checkPointMiddle" time="0.881" classname="tests.TestHomePage"/>
  <testcase name="checkPointLeft" time="0.922" classname="tests.TestHomePage"/>
</testsuite> <!-- tests.TestHomePage -->
