<?xml version="1.0" encoding="UTF-8"?>
<!-- Generated by org.testng.reporters.JUnitReportReporter -->
<testsuite skipped="0" hostname="MilanHP-PC" name="tests.TestProfile" tests="1" failures="0" timestamp="06 Aug 2018 13:01:26 GMT" time="6.469" errors="0">
  <testcase name="checkUpdate" time="6.469" classname="tests.TestProfile"/>
</testsuite> <!-- tests.TestProfile -->
