<?xml version="1.0" encoding="UTF-8"?>
<!-- Generated by org.testng.reporters.JUnitReportReporter -->
<testsuite skipped="0" hostname="MilanHP-PC" name="tests.TestMyAccount" tests="1" failures="0" timestamp="03 Aug 2018 08:05:40 GMT" time="16.148" errors="0">
  <testcase name="checkIsProfileUpdated" time="16.148" classname="tests.TestMyAccount"/>
</testsuite> <!-- tests.TestMyAccount -->
